<?xml version="1.0" encoding="UTF-8"?>
<!-- Generated by org.testng.reporters.JUnitXMLReporter -->
<testsuite ignored="0" hostname="192.168.1.6" failures="0" tests="6" name="Surefire test" time="29.776" errors="0" timestamp="2026-06-19T00:23:36 IST">
  <testcase classname="N8nTest" name="TC01_LoginSuccess" time="2.648"/>
  <testcase classname="N8nTest" name="TC02_InvalidLogin" time="1.869"/>
  <testcase classname="N8nTest" name="TC03_VerifyWorkflowLoads" time="3.422"/>
  <testcase classname="N8nTest" name="TC04_VerifyNodeIssues" time="3.666"/>
  <testcase classname="N8nTest" name="TC05_ExecuteWorkflowFailure" time="4.168"/>
  <testcase classname="N8nTest" name="TC06_VerifyExecutionHistory" time="2.363"/>
</testsuite> <!-- Surefire test -->
