<?xml version="1.0" encoding="UTF-8"?>
<!-- Generated by org.testng.reporters.JUnitReportReporter -->
<testsuite hostname="192.168.1.6" failures="0" tests="6" name="N8nTest" time="29.745" errors="0" timestamp="2026-06-19T00:23:36 IST" skipped="0">
  <testcase classname="N8nTest" name="TC01_LoginSuccess" time="6.174"/>
  <testcase classname="N8nTest" name="TC02_InvalidLogin" time="3.540"/>
  <testcase classname="N8nTest" name="TC03_VerifyWorkflowLoads" time="4.937"/>
  <testcase classname="N8nTest" name="TC04_VerifyNodeIssues" time="5.129"/>
  <testcase classname="N8nTest" name="TC05_ExecuteWorkflowFailure" time="5.686"/>
  <testcase classname="N8nTest" name="TC06_VerifyExecutionHistory" time="4.279"/>
</testsuite> <!-- N8nTest -->
